<?xml version="1.0" encoding="UTF-8"?>
<testng-results skipped="0" failed="0" ignored="0" total="3" passed="3">
  <reporter-output>
  </reporter-output>
  <suite name="BDD Test Suite" duration-ms="1948" started-at="2020-09-28T20:40:17Z" finished-at="2020-09-28T20:40:19Z">
    <groups>
      <group name="cucumber">
        <method signature="AbstractTestNGCucumberTests.runScenario(cucumber.api.testng.PickleEventWrapper, cucumber.api.testng.CucumberFeatureWrapper)[pri:0, instance:ApiExampleProjectTestRunner@617faa95]" name="runScenario" class="cucumber.api.testng.AbstractTestNGCucumberTests"/>
      </group> <!-- cucumber -->
    </groups>
    <test name="Login and Update Profile Test" duration-ms="1948" started-at="2020-09-28T20:40:17Z" finished-at="2020-09-28T20:40:19Z">
      <class name="ApiExampleProjectTestRunner">
        <test-method status="PASS" signature="setUpClass()[pri:0, instance:ApiExampleProjectTestRunner@617faa95]" name="setUpClass" is-config="true" duration-ms="91" started-at="2020-09-28T20:40:17Z" finished-at="2020-09-28T20:40:17Z">
          <reporter-output>
          </reporter-output>
        </test-method> <!-- setUpClass -->
        <test-method status="PASS" signature="runScenario(cucumber.api.testng.PickleEventWrapper, cucumber.api.testng.CucumberFeatureWrapper)[pri:0, instance:ApiExampleProjectTestRunner@617faa95]" name="runScenario" duration-ms="1414" started-at="2020-09-28T20:40:17Z" description="Runs Cucumber Scenarios" data-provider="scenarios" finished-at="2020-09-28T20:40:18Z">
          <params>
            <param index="0">
              <value>
                <![CDATA["Crear Token"]]>
              </value>
            </param>
            <param index="1">
              <value>
                <![CDATA["Crowdar Api"]]>
              </value>
            </param>
          </params>
          <reporter-output>
          </reporter-output>
        </test-method> <!-- runScenario -->
        <test-method status="PASS" signature="runScenario(cucumber.api.testng.PickleEventWrapper, cucumber.api.testng.CucumberFeatureWrapper)[pri:0, instance:ApiExampleProjectTestRunner@617faa95]" name="runScenario" duration-ms="203" started-at="2020-09-28T20:40:18Z" description="Runs Cucumber Scenarios" data-provider="scenarios" finished-at="2020-09-28T20:40:19Z">
          <params>
            <param index="0">
              <value>
                <![CDATA["Solicitar mi usuario"]]>
              </value>
            </param>
            <param index="1">
              <value>
                <![CDATA["Crowdar Api"]]>
              </value>
            </param>
          </params>
          <reporter-output>
          </reporter-output>
        </test-method> <!-- runScenario -->
        <test-method status="PASS" signature="runScenario(cucumber.api.testng.PickleEventWrapper, cucumber.api.testng.CucumberFeatureWrapper)[pri:0, instance:ApiExampleProjectTestRunner@617faa95]" name="runScenario" duration-ms="194" started-at="2020-09-28T20:40:19Z" description="Runs Cucumber Scenarios" data-provider="scenarios" finished-at="2020-09-28T20:40:19Z">
          <params>
            <param index="0">
              <value>
                <![CDATA["Solicitar mi usuario"]]>
              </value>
            </param>
            <param index="1">
              <value>
                <![CDATA["Crowdar Api"]]>
              </value>
            </param>
          </params>
          <reporter-output>
          </reporter-output>
        </test-method> <!-- runScenario -->
        <test-method status="PASS" signature="tearDownClass()[pri:0, instance:ApiExampleProjectTestRunner@617faa95]" name="tearDownClass" is-config="true" duration-ms="4" started-at="2020-09-28T20:40:19Z" finished-at="2020-09-28T20:40:19Z">
          <reporter-output>
          </reporter-output>
        </test-method> <!-- tearDownClass -->
      </class> <!-- ApiExampleProjectTestRunner -->
    </test> <!-- Login and Update Profile Test -->
  </suite> <!-- BDD Test Suite -->
</testng-results>
