<?xml version="1.0" encoding="UTF-8"?>
<testng-results skipped="0" failed="0" ignored="0" total="1" passed="1">
  <reporter-output>
  </reporter-output>
  <suite name="BDD Test Suite" duration-ms="2687" started-at="2020-10-01T14:26:51Z" finished-at="2020-10-01T14:26:54Z">
    <groups>
      <group name="cucumber">
        <method signature="AbstractTestNGCucumberTests.runScenario(cucumber.api.testng.PickleEventWrapper, cucumber.api.testng.CucumberFeatureWrapper)[pri:0, instance:ApiExampleProjectTestRunner@6e1ec318]" name="runScenario" class="cucumber.api.testng.AbstractTestNGCucumberTests"/>
      </group> <!-- cucumber -->
    </groups>
    <test name="Login and Update Profile Test" duration-ms="2687" started-at="2020-10-01T14:26:51Z" finished-at="2020-10-01T14:26:54Z">
      <class name="ApiExampleProjectTestRunner">
        <test-method status="PASS" signature="setUpClass()[pri:0, instance:ApiExampleProjectTestRunner@6e1ec318]" name="setUpClass" is-config="true" duration-ms="234" started-at="2020-10-01T14:26:51Z" finished-at="2020-10-01T14:26:51Z">
          <reporter-output>
          </reporter-output>
        </test-method> <!-- setUpClass -->
        <test-method status="PASS" signature="runScenario(cucumber.api.testng.PickleEventWrapper, cucumber.api.testng.CucumberFeatureWrapper)[pri:0, instance:ApiExampleProjectTestRunner@6e1ec318]" name="runScenario" duration-ms="2359" started-at="2020-10-01T14:26:51Z" description="Runs Cucumber Scenarios" data-provider="scenarios" finished-at="2020-10-01T14:26:54Z">
          <params>
            <param index="0">
              <value>
                <![CDATA["Obtengo la información del usuario"]]>
              </value>
            </param>
            <param index="1">
              <value>
                <![CDATA["Swagger_UI API"]]>
              </value>
            </param>
          </params>
          <reporter-output>
          </reporter-output>
        </test-method> <!-- runScenario -->
        <test-method status="PASS" signature="tearDownClass()[pri:0, instance:ApiExampleProjectTestRunner@6e1ec318]" name="tearDownClass" is-config="true" duration-ms="16" started-at="2020-10-01T14:26:54Z" finished-at="2020-10-01T14:26:54Z">
          <reporter-output>
          </reporter-output>
        </test-method> <!-- tearDownClass -->
      </class> <!-- ApiExampleProjectTestRunner -->
    </test> <!-- Login and Update Profile Test -->
  </suite> <!-- BDD Test Suite -->
</testng-results>
