<?xml version="1.0" encoding="UTF-8"?>
<!-- Generated by org.testng.reporters.JUnitXMLReporter -->
<testsuite hostname="DESKTOP-362JVOS" ignored="0" name="Login and Update Profile Test" tests="3" failures="0" timestamp="30 sep 2020 18:29:28 GMT" time="3.525" errors="0">
  <testcase name="runScenario" time="2.54" classname="cucumber.api.testng.AbstractTestNGCucumberTests"/>
  <testcase name="runScenario" time="0.259" classname="cucumber.api.testng.AbstractTestNGCucumberTests"/>
  <testcase name="runScenario" time="0.296" classname="cucumber.api.testng.AbstractTestNGCucumberTests"/>
</testsuite> <!-- Login and Update Profile Test -->
