<?xml version="1.0" encoding="UTF-8"?>
<!-- Generated by org.testng.reporters.JUnitXMLReporter -->
<testsuite hostname="Mavis" ignored="0" name="Login and Update Profile Test" tests="6" failures="0" timestamp="01 oct 2020 04:45:12 GMT" time="3.497" errors="0">
  <testcase name="runScenario" time="2.084" classname="cucumber.api.testng.AbstractTestNGCucumberTests"/>
  <testcase name="runScenario" time="0.238" classname="cucumber.api.testng.AbstractTestNGCucumberTests"/>
  <testcase name="runScenario" time="0.239" classname="cucumber.api.testng.AbstractTestNGCucumberTests"/>
  <testcase name="runScenario" time="0.237" classname="cucumber.api.testng.AbstractTestNGCucumberTests"/>
  <testcase name="runScenario" time="0.217" classname="cucumber.api.testng.AbstractTestNGCucumberTests"/>
  <testcase name="runScenario" time="0.21" classname="cucumber.api.testng.AbstractTestNGCucumberTests"/>
</testsuite> <!-- Login and Update Profile Test -->
