<?xml version="1.0" encoding="UTF-8"?>
<!-- Generated by org.testng.reporters.JUnitXMLReporter -->
<testsuite hostname="DESKTOP-B6T78MV" ignored="0" name="Test 1" tests="5" failures="0" timestamp="01 oct 2020 14:23:09 GMT" time="3.64" errors="0">
  <testcase name="runScenario" time="2.702" classname="com.crowdar.bdd.cukes.TestNGParallelRunner"/>
  <testcase name="runScenario" time="3.108" classname="com.crowdar.bdd.cukes.TestNGParallelRunner"/>
  <testcase name="runScenario" time="3.202" classname="com.crowdar.bdd.cukes.TestNGParallelRunner"/>
  <testcase name="runScenario" time="3.218" classname="com.crowdar.bdd.cukes.TestNGParallelRunner"/>
  <testcase name="runScenario" time="3.265" classname="com.crowdar.bdd.cukes.TestNGParallelRunner"/>
</testsuite> <!-- Test 1 -->
